@!@!@STARTMSG 2262:0 @!@!@
TLC2 Version 2.18 of Day Month 20?? (rev: ${git.shortRevision})
@!@!@ENDMSG 2262 @!@!@
@!@!@STARTMSG 2187:0 @!@!@
Running breadth-first search Model-Checking with fp 18 and seed -5417642124354750898 with 20 workers on 20 cores with 9481MB heap and 21332MB offheap memory [pid: 2445994] (Linux 6.2.0-26-generic amd64, Red Hat, Inc. 11.0.20 x86_64, OffHeapDiskFPSet, DiskStateQueue).
@!@!@ENDMSG 2187 @!@!@
@!@!@STARTMSG 2220:0 @!@!@
Starting SANY...
@!@!@ENDMSG 2220 @!@!@
Semantic processing of module Naturals
Semantic processing of module Sequences
Semantic processing of module Integers
Semantic processing of module FiniteSets
Semantic processing of module TLC
Semantic processing of module Folds
Semantic processing of module Functions
Semantic processing of module FiniteSetsExt
Semantic processing of module SequencesExt
Semantic processing of module FifoNetwork
Semantic processing of module DaosRaft
Semantic processing of module MC
@!@!@STARTMSG 2219:0 @!@!@
SANY finished.
@!@!@ENDMSG 2219 @!@!@
@!@!@STARTMSG 2185:0 @!@!@
Starting... (2023-09-18 13:07:51)
@!@!@ENDMSG 2185 @!@!@
@!@!@STARTMSG 2189:0 @!@!@
Computing initial states...
@!@!@ENDMSG 2189 @!@!@
@!@!@STARTMSG 2190:0 @!@!@
Finished computing initial states: 1 distinct state generated at 2023-09-18 13:07:55.
@!@!@ENDMSG 2190 @!@!@
@!@!@STARTMSG 2132:1 @!@!@
The first argument of Assert evaluated to FALSE; the second argument was:
<<[src |-> n2, dst |-> n1, type |-> M_RV, body |-> [term |-> 1, prevote |-> TRUE, candidate_id |-> n2, last_log_idx |-> 0, last_log_term |-> 0]], (n1 :> Leader @@ n2 :> PreCandidate)>>
@!@!@ENDMSG 2132 @!@!@
@!@!@STARTMSG 2121:1 @!@!@
The behavior up to this point is:
@!@!@ENDMSG 2121 @!@!@
@!@!@STARTMSG 2217:4 @!@!@
1: <Initial predicate>
/\ msgs = (n1 :> (n2 :> <<>>) @@ n2 :> (n1 :> <<>>))
/\ commit_idx = (n1 :> 0 @@ n2 :> 0)
/\ next_idx = (n1 :> (n1 :> 1 @@ n2 :> 1) @@ n2 :> (n1 :> 1 @@ n2 :> 1))
/\ inv = <<>>
/\ match_idx = (n1 :> (n1 :> 0 @@ n2 :> 0) @@ n2 :> (n1 :> 0 @@ n2 :> 0))
/\ netcmd = <<<<"Init", 2>>>>
/\ voted_for = (n1 :> Nil @@ n2 :> Nil)
/\ netman = [n_op |-> 0, n_ae |-> 0, n_elec |-> 0, no_inv |-> {}, n_sent |-> 0, n_recv |-> 0, n_wire |-> 0, n_part |-> 0, n_cure |-> 0, conn |-> <<{n1, n2}>>]
/\ current_term = (n1 :> 0 @@ n2 :> 0)
/\ voted_for_me = (n1 :> {} @@ n2 :> {})
/\ state = (n1 :> Follower @@ n2 :> Follower)
/\ leader_id = (n1 :> Nil @@ n2 :> Nil)
/\ log = (n1 :> <<>> @@ n2 :> <<>>)

@!@!@ENDMSG 2217 @!@!@
@!@!@STARTMSG 2217:4 @!@!@
2: <DoBecomePrecandidate line 759, col 5 to line 761, col 25 of module DaosRaft>
/\ msgs = (n1 :> (n2 :> <<[src |-> n1, dst |-> n2, type |-> M_RV, body |-> [term |-> 0, prevote |-> TRUE, candidate_id |-> n1, last_log_idx |-> 0, last_log_term |-> 0]]>>) @@ n2 :> (n1 :> <<>>))
/\ commit_idx = (n1 :> 0 @@ n2 :> 0)
/\ next_idx = (n1 :> (n1 :> 1 @@ n2 :> 1) @@ n2 :> (n1 :> 1 @@ n2 :> 1))
/\ inv = <<TRUE, TRUE, TRUE, TRUE, TRUE, TRUE, TRUE, TRUE>>
/\ match_idx = (n1 :> (n1 :> 0 @@ n2 :> 0) @@ n2 :> (n1 :> 0 @@ n2 :> 0))
/\ netcmd = <<<<"BecomePrecandidate", n1>>, <<"msg_batch_add", <<"ok", n1, n2>>>>>>
/\ voted_for = (n1 :> Nil @@ n2 :> Nil)
/\ netman = [n_op |-> 0, n_ae |-> 0, n_elec |-> 1, no_inv |-> {}, n_sent |-> 1, n_recv |-> 0, n_wire |-> 1, n_part |-> 0, n_cure |-> 0, conn |-> <<{n1, n2}>>]
/\ current_term = (n1 :> 0 @@ n2 :> 0)
/\ voted_for_me = (n1 :> {n1} @@ n2 :> {})
/\ state = (n1 :> PreCandidate @@ n2 :> Follower)
/\ leader_id = (n1 :> Nil @@ n2 :> Nil)
/\ log = (n1 :> <<>> @@ n2 :> <<>>)

@!@!@ENDMSG 2217 @!@!@
@!@!@STARTMSG 2217:4 @!@!@
3: <DoRecvRequestVote line 750, col 22 to line 750, col 55 of module DaosRaft>
/\ msgs = (n1 :> (n2 :> <<>>) @@ n2 :> (n1 :> <<[src |-> n2, dst |-> n1, type |-> M_RVR, body |-> [term |-> 0, prevote |-> TRUE, vote_granted |-> TRUE], status |-> "voted"]>>))
/\ commit_idx = (n1 :> 0 @@ n2 :> 0)
/\ next_idx = (n1 :> (n1 :> 1 @@ n2 :> 1) @@ n2 :> (n1 :> 1 @@ n2 :> 1))
/\ inv = <<TRUE, TRUE, TRUE, TRUE, TRUE, TRUE, TRUE, TRUE>>
/\ match_idx = (n1 :> (n1 :> 0 @@ n2 :> 0) @@ n2 :> (n1 :> 0 @@ n2 :> 0))
/\ netcmd = <<<<"RecvRequestVote", "voted", n2, n1, "prevote">>, <<"msg_reply", n2, n1>>>>
/\ voted_for = (n1 :> Nil @@ n2 :> Nil)
/\ netman = [n_op |-> 0, n_ae |-> 0, n_elec |-> 1, no_inv |-> {}, n_sent |-> 2, n_recv |-> 1, n_wire |-> 1, n_part |-> 0, n_cure |-> 0, conn |-> <<{n1, n2}>>]
/\ current_term = (n1 :> 0 @@ n2 :> 0)
/\ voted_for_me = (n1 :> {n1} @@ n2 :> {})
/\ state = (n1 :> PreCandidate @@ n2 :> Follower)
/\ leader_id = (n1 :> Nil @@ n2 :> Nil)
/\ log = (n1 :> <<>> @@ n2 :> <<>>)

@!@!@ENDMSG 2217 @!@!@
@!@!@STARTMSG 2217:4 @!@!@
4: <DoRecvRequestVoteResponse line 752, col 30 to line 752, col 72 of module DaosRaft>
/\ msgs = (n1 :> (n2 :> <<[src |-> n1, dst |-> n2, type |-> M_RV, body |-> [term |-> 1, prevote |-> FALSE, candidate_id |-> n1, last_log_idx |-> 0, last_log_term |-> 0]]>>) @@ n2 :> (n1 :> <<>>))
/\ commit_idx = (n1 :> 0 @@ n2 :> 0)
/\ next_idx = (n1 :> (n1 :> 1 @@ n2 :> 1) @@ n2 :> (n1 :> 1 @@ n2 :> 1))
/\ inv = <<TRUE, TRUE, TRUE, TRUE, TRUE, TRUE, TRUE, TRUE>>
/\ match_idx = (n1 :> (n1 :> 0 @@ n2 :> 0) @@ n2 :> (n1 :> 0 @@ n2 :> 0))
/\ netcmd = << <<"RecvRequestVoteResponse", "BecomeCandidate", n1>>,
   <<"msg_batch_add_reply", n1, n2, <<"msg_batch_add", <<"ok", n1, n2>>>>>> >>
/\ voted_for = (n1 :> n1 @@ n2 :> Nil)
/\ netman = [n_op |-> 0, n_ae |-> 0, n_elec |-> 1, no_inv |-> {}, n_sent |-> 3, n_recv |-> 2, n_wire |-> 1, n_part |-> 0, n_cure |-> 0, conn |-> <<{n1, n2}>>]
/\ current_term = (n1 :> 1 @@ n2 :> 0)
/\ voted_for_me = (n1 :> {n1} @@ n2 :> {})
/\ state = (n1 :> Candidate @@ n2 :> Follower)
/\ leader_id = (n1 :> Nil @@ n2 :> Nil)
/\ log = (n1 :> <<>> @@ n2 :> <<>>)

@!@!@ENDMSG 2217 @!@!@
@!@!@STARTMSG 2217:4 @!@!@
5: <DoRecvRequestVote line 750, col 22 to line 750, col 55 of module DaosRaft>
/\ msgs = (n1 :> (n2 :> <<>>) @@ n2 :> (n1 :> <<[src |-> n2, dst |-> n1, type |-> M_RVR, body |-> [term |-> 1, prevote |-> FALSE, vote_granted |-> TRUE], status |-> "voted"]>>))
/\ commit_idx = (n1 :> 0 @@ n2 :> 0)
/\ next_idx = (n1 :> (n1 :> 1 @@ n2 :> 1) @@ n2 :> (n1 :> 1 @@ n2 :> 1))
/\ inv = <<TRUE, TRUE, TRUE, TRUE, TRUE, TRUE, TRUE, TRUE>>
/\ match_idx = (n1 :> (n1 :> 0 @@ n2 :> 0) @@ n2 :> (n1 :> 0 @@ n2 :> 0))
/\ netcmd = << <<"RecvRequestVote", "voted", n2, n1, "not-prevote">>,
   <<"msg_reply", n2, n1>> >>
/\ voted_for = (n1 :> n1 @@ n2 :> n1)
/\ netman = [n_op |-> 0, n_ae |-> 0, n_elec |-> 1, no_inv |-> {}, n_sent |-> 4, n_recv |-> 3, n_wire |-> 1, n_part |-> 0, n_cure |-> 0, conn |-> <<{n1, n2}>>]
/\ current_term = (n1 :> 1 @@ n2 :> 1)
/\ voted_for_me = (n1 :> {n1} @@ n2 :> {})
/\ state = (n1 :> Candidate @@ n2 :> Follower)
/\ leader_id = (n1 :> Nil @@ n2 :> Nil)
/\ log = (n1 :> <<>> @@ n2 :> <<>>)

@!@!@ENDMSG 2217 @!@!@
@!@!@STARTMSG 2217:4 @!@!@
6: <DoRecvRequestVoteResponse line 752, col 30 to line 752, col 72 of module DaosRaft>
/\ msgs = (n1 :> (n2 :> <<[src |-> n1, dst |-> n2, type |-> M_AE, body |-> [term |-> 1, entries |-> <<>>, prev_log_idx |-> 0, leader_commit |-> 0, prev_log_term |-> 0]]>>) @@ n2 :> (n1 :> <<>>))
/\ commit_idx = (n1 :> 0 @@ n2 :> 0)
/\ next_idx = (n1 :> (n1 :> 1 @@ n2 :> 1) @@ n2 :> (n1 :> 1 @@ n2 :> 1))
/\ inv = <<TRUE, TRUE, TRUE, TRUE, TRUE, TRUE, TRUE, TRUE>>
/\ match_idx = (n1 :> (n1 :> 0 @@ n2 :> 0) @@ n2 :> (n1 :> 0 @@ n2 :> 0))
/\ netcmd = << <<"RecvRequestVoteResponse", "BecomeLeader", n1>>,
   <<"msg_batch_add_reply", n1, n2, <<"msg_batch_add", <<"ok", n1, n2>>>>>> >>
/\ voted_for = (n1 :> n1 @@ n2 :> n1)
/\ netman = [n_op |-> 0, n_ae |-> 0, n_elec |-> 1, no_inv |-> {}, n_sent |-> 5, n_recv |-> 4, n_wire |-> 1, n_part |-> 0, n_cure |-> 0, conn |-> <<{n1, n2}>>]
/\ current_term = (n1 :> 1 @@ n2 :> 1)
/\ voted_for_me = (n1 :> {n1, n2} @@ n2 :> {})
/\ state = (n1 :> Leader @@ n2 :> Follower)
/\ leader_id = (n1 :> n1 @@ n2 :> Nil)
/\ log = (n1 :> <<>> @@ n2 :> <<>>)

@!@!@ENDMSG 2217 @!@!@
@!@!@STARTMSG 2217:4 @!@!@
7: <DoBecomePrecandidate line 759, col 5 to line 761, col 25 of module DaosRaft>
/\ msgs = (n1 :> (n2 :> <<[src |-> n1, dst |-> n2, type |-> M_AE, body |-> [term |-> 1, entries |-> <<>>, prev_log_idx |-> 0, leader_commit |-> 0, prev_log_term |-> 0]]>>) @@ n2 :> (n1 :> <<[src |-> n2, dst |-> n1, type |-> M_RV, body |-> [term |-> 1, prevote |-> TRUE, candidate_id |-> n2, last_log_idx |-> 0, last_log_term |-> 0]]>>))
/\ commit_idx = (n1 :> 0 @@ n2 :> 0)
/\ next_idx = (n1 :> (n1 :> 1 @@ n2 :> 1) @@ n2 :> (n1 :> 1 @@ n2 :> 1))
/\ inv = <<TRUE, TRUE, TRUE, TRUE, TRUE, TRUE, TRUE, TRUE>>
/\ match_idx = (n1 :> (n1 :> 0 @@ n2 :> 0) @@ n2 :> (n1 :> 0 @@ n2 :> 0))
/\ netcmd = <<<<"BecomePrecandidate", n2>>, <<"msg_batch_add", <<"ok", n2, n1>>>>>>
/\ voted_for = (n1 :> n1 @@ n2 :> n1)
/\ netman = [n_op |-> 0, n_ae |-> 0, n_elec |-> 2, no_inv |-> {}, n_sent |-> 6, n_recv |-> 4, n_wire |-> 2, n_part |-> 0, n_cure |-> 0, conn |-> <<{n1, n2}>>]
/\ current_term = (n1 :> 1 @@ n2 :> 1)
/\ voted_for_me = (n1 :> {n1, n2} @@ n2 :> {n2})
/\ state = (n1 :> Leader @@ n2 :> PreCandidate)
/\ leader_id = (n1 :> n1 @@ n2 :> Nil)
/\ log = (n1 :> <<>> @@ n2 :> <<>>)

@!@!@ENDMSG 2217 @!@!@
@!@!@STARTMSG 2103:1 @!@!@
The error occurred when TLC was evaluating the nested
expressions at the following positions:
0. Line 750, column 22 to line 750, column 55 in DaosRaft
1. Line 750, column 25 to line 750, column 55 in DaosRaft
2. Line 742, column 5 to line 748, column 25 in DaosRaft
3. Line 742, column 8 to line 747, column 24 in DaosRaft
4. Line 743, column 9 to line 747, column 24 in DaosRaft
5. Line 743, column 12 to line 743, column 21 in DaosRaft
6. Line 744, column 12 to line 747, column 24 in DaosRaft
7. Line 745, column 15 to line 747, column 24 in DaosRaft
8. Line 745, column 18 to line 745, column 25 in DaosRaft
9. Line 746, column 18 to line 746, column 30 in DaosRaft
10. Line 747, column 18 to line 747, column 24 in DaosRaft
11. Line 312, column 5 to line 341, column 19 in DaosRaft
12. Line 321, column 8 to line 341, column 19 in DaosRaft
13. Line 321, column 11 to line 324, column 48 in DaosRaft
14. Line 324, column 16 to line 324, column 48 in DaosRaft
15. Line 324, column 26 to line 324, column 48 in DaosRaft
16. Line 324, column 28 to line 324, column 39 in DaosRaft
17. Line 324, column 42 to line 324, column 46 in DaosRaft
18. Line 325, column 11 to line 331, column 54 in DaosRaft
19. Line 328, column 16 to line 331, column 54 in DaosRaft
20. Line 331, column 21 to line 331, column 54 in DaosRaft
21. Line 331, column 31 to line 331, column 54 in DaosRaft
22. Line 331, column 33 to line 331, column 41 in DaosRaft
23. Line 331, column 44 to line 331, column 52 in DaosRaft
24. Line 332, column 11 to line 332, column 58 in DaosRaft
25. Line 332, column 21 to line 332, column 58 in DaosRaft
26. Line 332, column 23 to line 332, column 32 in DaosRaft
27. Line 46, column 18 to line 46, column 40 in DaosRaft
28. Line 46, column 20 to line 46, column 27 in DaosRaft
29. Line 46, column 30 to line 46, column 38 in DaosRaft
30. Line 332, column 35 to line 332, column 47 in DaosRaft
31. Line 47, column 18 to line 47, column 33 in DaosRaft
32. Line 47, column 20 to line 47, column 31 in DaosRaft
33. Line 332, column 50 to line 332, column 56 in DaosRaft
34. Line 48, column 18 to line 48, column 36 in DaosRaft
35. Line 48, column 20 to line 48, column 22 in DaosRaft
36. Line 48, column 25 to line 48, column 34 in DaosRaft
37. Line 333, column 11 to line 334, column 106 in DaosRaft
38. Line 34, column 1 to line 35, column 55 in DaosRaft
39. Line 139, column 5 to line 143, column 30 in FifoNetwork
40. Line 139, column 8 to line 139, column 36 in FifoNetwork
41. Line 140, column 8 to line 140, column 23 in FifoNetwork
42. Line 141, column 8 to line 143, column 30 in FifoNetwork
43. Line 142, column 13 to line 142, column 39 in FifoNetwork
44. Line 335, column 11 to line 341, column 19 in DaosRaft
45. Line 337, column 16 to line 340, column 58 in DaosRaft


@!@!@ENDMSG 2103 @!@!@
@!@!@STARTMSG 2200:0 @!@!@
Progress(11) at 2023-09-18 13:07:56: 638 states generated (7,102 s/min), 476 distinct states found (5,298 ds/min), 232 states left on queue.
@!@!@ENDMSG 2200 @!@!@
@!@!@STARTMSG 2199:0 @!@!@
638 states generated, 476 distinct states found, 232 states left on queue.
@!@!@ENDMSG 2199 @!@!@
@!@!@STARTMSG 2194:0 @!@!@
The depth of the complete state graph search is 11.
@!@!@ENDMSG 2194 @!@!@
@!@!@STARTMSG 2186:0 @!@!@
Finished in 5394ms at (2023-09-18 13:07:56)
@!@!@ENDMSG 2186 @!@!@
